<?xml version="1.0" encoding="UTF-8"?>
<!-- Generated by org.testng.reporters.JUnitReportReporter -->
<testsuite hostname="DESKTOP-BKMECL8" failures="0" tests="2" name="testNG.TestNGDemo" time="0.030" errors="0" timestamp="2023-12-21T22:39:29 IST" skipped="0">
  <testcase classname="testNG.TestNGDemo" name="testMethod2" time="0.005"/>
  <system-out/>
  <testcase classname="testNG.TestNGDemo" name="testMethod1" time="0.025"/>
  <system-out/>
</testsuite> <!-- testNG.TestNGDemo -->
